<?xml version="1.0" encoding="UTF-8"?>
<!-- Generated by org.testng.reporters.JUnitReportReporter -->
<testsuite hostname="PF1RPZE9" failures="0" tests="1" name="package1.webLaunch" time="3.386" errors="0" timestamp="2024-07-29T11:00:28 IST" skipped="0">
  <testcase classname="package1.webLaunch" name="launched" time="3.386"/>
  <system-out/>
</testsuite> <!-- package1.webLaunch -->
